<?xml version="1.0" encoding="UTF-8"?>
<coverage generated="1632932982691" clover="3.2.0">
  <project timestamp="1632932982691" name="All files">
    <metrics statements="29" coveredstatements="25" conditionals="8" coveredconditionals="4" methods="14" coveredmethods="12" elements="51" coveredelements="41" complexity="0" loc="29" ncloc="29" packages="1" files="1" classes="1"/>
    <file name="serverCapacity.js" path="C:\Users\nicol\Documents\local\check24-codingSession\serverCapacity\serverCapacity.js">
      <metrics statements="29" coveredstatements="25" conditionals="8" coveredconditionals="4" methods="14" coveredmethods="12"/>
      <line num="3" count="4" type="stmt"/>
      <line num="4" count="4" type="stmt"/>
      <line num="5" count="4" type="stmt"/>
      <line num="8" count="3" type="stmt"/>
      <line num="12" count="2" type="stmt"/>
      <line num="16" count="1" type="cond" truecount="3" falsecount="1"/>
      <line num="17" count="1" type="stmt"/>
      <line num="18" count="1" type="stmt"/>
      <line num="19" count="1" type="stmt"/>
      <line num="20" count="1" type="cond" truecount="1" falsecount="1"/>
      <line num="21" count="1" type="stmt"/>
      <line num="22" count="1" type="stmt"/>
      <line num="23" count="0" type="stmt"/>
      <line num="25" count="0" type="stmt"/>
      <line num="37" count="11" type="stmt"/>
      <line num="38" count="11" type="stmt"/>
      <line num="39" count="11" type="stmt"/>
      <line num="43" count="1" type="stmt"/>
      <line num="48" count="3" type="cond" truecount="0" falsecount="2"/>
      <line num="49" count="0" type="stmt"/>
      <line num="50" count="0" type="stmt"/>
      <line num="55" count="1" type="stmt"/>
      <line num="56" count="1" type="stmt"/>
      <line num="57" count="1" type="stmt"/>
      <line num="58" count="1" type="stmt"/>
      <line num="62" count="4" type="stmt"/>
      <line num="68" count="54" type="stmt"/>
      <line num="69" count="54" type="stmt"/>
      <line num="70" count="54" type="stmt"/>
    </file>
  </project>
</coverage>
