{"C:\\Users\\nicol\\Documents\\local\\check24-codingSession\\serverCapacity\\serverCapacity.js": {"path":"C:\\Users\\nicol\\Documents\\local\\check24-codingSession\\serverCapacity\\serverCapacity.js","statementMap":{"0":{"start":{"line":3,"column":8},"end":{"line":3,"column":30}},"1":{"start":{"line":4,"column":8},"end":{"line":4,"column":31}},"2":{"start":{"line":5,"column":8},"end":{"line":5,"column":45}},"3":{"start":{"line":8,"column":8},"end":{"line":8,"column":61}},"4":{"start":{"line":12,"column":8},"end":{"line":12,"column":63}},"5":{"start":{"line":16,"column":8},"end":{"line":16,"column":57}},"6":{"start":{"line":16,"column":50},"end":{"line":16,"column":57}},"7":{"start":{"line":17,"column":8},"end":{"line":26,"column":11}},"8":{"start":{"line":18,"column":12},"end":{"line":18,"column":41}},"9":{"start":{"line":19,"column":40},"end":{"line":19,"column":112}},"10":{"start":{"line":19,"column":77},"end":{"line":19,"column":111}},"11":{"start":{"line":20,"column":12},"end":{"line":24,"column":13}},"12":{"start":{"line":21,"column":16},"end":{"line":21,"column":34}},"13":{"start":{"line":22,"column":16},"end":{"line":22,"column":48}},"14":{"start":{"line":23,"column":16},"end":{"line":23,"column":23}},"15":{"start":{"line":25,"column":12},"end":{"line":25,"column":61}},"16":{"start":{"line":37,"column":41},"end":{"line":37,"column":55}},"17":{"start":{"line":38,"column":8},"end":{"line":38,"column":62}},"18":{"start":{"line":39,"column":8},"end":{"line":39,"column":31}},"19":{"start":{"line":43,"column":8},"end":{"line":43,"column":63}},"20":{"start":{"line":48,"column":8},"end":{"line":51,"column":9}},"21":{"start":{"line":49,"column":12},"end":{"line":49,"column":33}},"22":{"start":{"line":50,"column":12},"end":{"line":50,"column":39}},"23":{"start":{"line":55,"column":41},"end":{"line":55,"column":49}},"24":{"start":{"line":56,"column":8},"end":{"line":56,"column":24}},"25":{"start":{"line":57,"column":8},"end":{"line":57,"column":30}},"26":{"start":{"line":58,"column":8},"end":{"line":58,"column":35}},"27":{"start":{"line":62,"column":8},"end":{"line":62,"column":102}},"28":{"start":{"line":62,"column":55},"end":{"line":62,"column":101}},"29":{"start":{"line":68,"column":8},"end":{"line":68,"column":23}},"30":{"start":{"line":69,"column":8},"end":{"line":69,"column":29}},"31":{"start":{"line":70,"column":8},"end":{"line":70,"column":35}}},"fnMap":{"0":{"name":"(anonymous_0)","decl":{"start":{"line":2,"column":4},"end":{"line":2,"column":5}},"loc":{"start":{"line":2,"column":32},"end":{"line":6,"column":5}},"line":2},"1":{"name":"(anonymous_1)","decl":{"start":{"line":7,"column":4},"end":{"line":7,"column":5}},"loc":{"start":{"line":7,"column":27},"end":{"line":9,"column":5}},"line":7},"2":{"name":"(anonymous_2)","decl":{"start":{"line":11,"column":4},"end":{"line":11,"column":5}},"loc":{"start":{"line":11,"column":17},"end":{"line":13,"column":5}},"line":11},"3":{"name":"(anonymous_3)","decl":{"start":{"line":15,"column":4},"end":{"line":15,"column":5}},"loc":{"start":{"line":15,"column":21},"end":{"line":27,"column":5}},"line":15},"4":{"name":"(anonymous_4)","decl":{"start":{"line":17,"column":20},"end":{"line":17,"column":21}},"loc":{"start":{"line":17,"column":26},"end":{"line":26,"column":9}},"line":17},"5":{"name":"(anonymous_5)","decl":{"start":{"line":19,"column":67},"end":{"line":19,"column":68}},"loc":{"start":{"line":19,"column":77},"end":{"line":19,"column":111}},"line":19},"6":{"name":"(anonymous_6)","decl":{"start":{"line":29,"column":4},"end":{"line":29,"column":5}},"loc":{"start":{"line":29,"column":40},"end":{"line":31,"column":5}},"line":29},"7":{"name":"(anonymous_7)","decl":{"start":{"line":36,"column":4},"end":{"line":36,"column":5}},"loc":{"start":{"line":36,"column":32},"end":{"line":40,"column":5}},"line":36},"8":{"name":"(anonymous_8)","decl":{"start":{"line":42,"column":4},"end":{"line":42,"column":5}},"loc":{"start":{"line":42,"column":22},"end":{"line":44,"column":5}},"line":42},"9":{"name":"(anonymous_9)","decl":{"start":{"line":47,"column":4},"end":{"line":47,"column":5}},"loc":{"start":{"line":47,"column":15},"end":{"line":52,"column":5}},"line":47},"10":{"name":"(anonymous_10)","decl":{"start":{"line":54,"column":4},"end":{"line":54,"column":5}},"loc":{"start":{"line":54,"column":26},"end":{"line":59,"column":5}},"line":54},"11":{"name":"(anonymous_11)","decl":{"start":{"line":61,"column":4},"end":{"line":61,"column":5}},"loc":{"start":{"line":61,"column":29},"end":{"line":63,"column":5}},"line":61},"12":{"name":"(anonymous_12)","decl":{"start":{"line":62,"column":43},"end":{"line":62,"column":44}},"loc":{"start":{"line":62,"column":55},"end":{"line":62,"column":101}},"line":62},"13":{"name":"(anonymous_13)","decl":{"start":{"line":67,"column":4},"end":{"line":67,"column":5}},"loc":{"start":{"line":67,"column":40},"end":{"line":71,"column":5}},"line":67}},"branchMap":{"0":{"loc":{"start":{"line":16,"column":8},"end":{"line":16,"column":57}},"type":"if","locations":[{"start":{"line":16,"column":8},"end":{"line":16,"column":57}},{"start":{"line":16,"column":8},"end":{"line":16,"column":57}}],"line":16},"1":{"loc":{"start":{"line":16,"column":12},"end":{"line":16,"column":48}},"type":"binary-expr","locations":[{"start":{"line":16,"column":12},"end":{"line":16,"column":28}},{"start":{"line":16,"column":32},"end":{"line":16,"column":48}}],"line":16},"2":{"loc":{"start":{"line":20,"column":12},"end":{"line":24,"column":13}},"type":"if","locations":[{"start":{"line":20,"column":12},"end":{"line":24,"column":13}},{"start":{"line":20,"column":12},"end":{"line":24,"column":13}}],"line":20},"3":{"loc":{"start":{"line":48,"column":8},"end":{"line":51,"column":9}},"type":"if","locations":[{"start":{"line":48,"column":8},"end":{"line":51,"column":9}},{"start":{"line":48,"column":8},"end":{"line":51,"column":9}}],"line":48}},"s":{"0":4,"1":4,"2":4,"3":3,"4":2,"5":1,"6":0,"7":1,"8":1,"9":1,"10":0,"11":1,"12":1,"13":1,"14":0,"15":0,"16":11,"17":11,"18":11,"19":1,"20":3,"21":0,"22":0,"23":1,"24":1,"25":1,"26":1,"27":2,"28":4,"29":54,"30":54,"31":54},"f":{"0":4,"1":3,"2":2,"3":1,"4":1,"5":0,"6":0,"7":11,"8":1,"9":3,"10":1,"11":2,"12":4,"13":54},"b":{"0":[0,1],"1":[1,1],"2":[1,0],"3":[0,0]},"inputSourceMap":null,"_coverageSchema":"1a1c01bbd47fc00a2c39e90264f33305004495a9","hash":"f9de16b4f61370dfcdd22f52357bab42b849ab60"}
}
