TN:
SF:serverCapacity\serverCapacity.js
FN:2,(anonymous_0)
FN:7,(anonymous_1)
FN:11,(anonymous_2)
FN:15,(anonymous_3)
FN:17,(anonymous_4)
FN:19,(anonymous_5)
FN:29,(anonymous_6)
FN:36,(anonymous_7)
FN:42,(anonymous_8)
FN:47,(anonymous_9)
FN:54,(anonymous_10)
FN:61,(anonymous_11)
FN:62,(anonymous_12)
FN:67,(anonymous_13)
FNF:14
FNH:12
FNDA:4,(anonymous_0)
FNDA:3,(anonymous_1)
FNDA:2,(anonymous_2)
FNDA:1,(anonymous_3)
FNDA:1,(anonymous_4)
FNDA:0,(anonymous_5)
FNDA:0,(anonymous_6)
FNDA:11,(anonymous_7)
FNDA:1,(anonymous_8)
FNDA:3,(anonymous_9)
FNDA:1,(anonymous_10)
FNDA:2,(anonymous_11)
FNDA:4,(anonymous_12)
FNDA:54,(anonymous_13)
DA:3,4
DA:4,4
DA:5,4
DA:8,3
DA:12,2
DA:16,1
DA:17,1
DA:18,1
DA:19,1
DA:20,1
DA:21,1
DA:22,1
DA:23,0
DA:25,0
DA:37,11
DA:38,11
DA:39,11
DA:43,1
DA:48,3
DA:49,0
DA:50,0
DA:55,1
DA:56,1
DA:57,1
DA:58,1
DA:62,4
DA:68,54
DA:69,54
DA:70,54
LF:29
LH:25
BRDA:16,0,0,0
BRDA:16,0,1,1
BRDA:16,1,0,1
BRDA:16,1,1,1
BRDA:20,2,0,1
BRDA:20,2,1,0
BRDA:48,3,0,0
BRDA:48,3,1,0
BRF:8
BRH:4
end_of_record
